Microsoft HTML Help Compiler 4.74.8702

Compiling c:\Projects\cvsroot\fma_2_2\help\MobileAgent.chm

html\welcome.htm
html\welcome_files\image001.gif
html\welcome_files\image002.jpg
html\welcome_files\filelist.xml

Compile time: 0 minutes, 1 second
1	Topic
2	Local links
2	Internet links
2	Graphics


Created c:\Projects\cvsroot\fma_2_2\help\MobileAgent.chm, 23,009 bytes
Compression increased file by 5,120 bytes.
Microsoft HTML Help Compiler 4.74.8702

Compiling c:\Projects\cvsroot\fma_2_2\help\MobileAgent.chm

html\welcome.htm
html\welcome_files\image001.gif
html\welcome_files\image002.jpg
html\welcome_files\filelist.xml

Compile time: 0 minutes, 1 second
1	Topic
2	Local links
2	Internet links
2	Graphics


Created c:\Projects\cvsroot\fma_2_2\help\MobileAgent.chm, 23,023 bytes
Compression increased file by 5,134 bytes.
Microsoft HTML Help Compiler 4.74.8702

Compiling c:\Projects\cvsroot\fma_2_2\help\MobileAgent.chm

html\welcome.htm
html\welcome_files\image001.gif
html\welcome_files\image002.jpg
html\welcome_files\filelist.xml

Compile time: 0 minutes, 1 second
1	Topic
2	Local links
2	Internet links
2	Graphics


Created c:\Projects\cvsroot\fma_2_2\help\MobileAgent.chm, 23,029 bytes
Compression increased file by 5,140 bytes.
